20:38:11 **** Build of configuration Debug for project Exercicios_programas ****
make all 
Building file: ../calc.c
Invoking: GCC C Compiler
gcc -O0 -g3 -Wall -c -fmessage-length=0 -MMD -MP -MF"calc.d" -MT"calc.o" -o "calc.o" "../calc.c"
../calc.c:3:6: warning: return type of ‘main’ is not ‘int’ [-Wmain]
 void main() {
      ^
Finished building: ../calc.c
 
Building target: Exercicios_programas
Invoking: GCC C Linker
gcc  -o "Exercicios_programas"  ./calc.o   
Finished building target: Exercicios_programas
 
20:40:18 **** Incremental Build of configuration Debug for project Exercicios_programas ****
make all 
Building file: ../calc.c
Invoking: GCC C Compiler
gcc -O0 -g3 -Wall -c -fmessage-length=0 -MMD -MP -MF"calc.d" -MT"calc.o" -o "calc.o" "../calc.c"
Finished building: ../calc.c
 
Building target: Exercicios_programas
Invoking: GCC C Linker
gcc  -o "Exercicios_programas"  ./calc.o   
Finished building target: Exercicios_programas
 
20:41:32 **** Incremental Build of configuration Debug for project Exercicios_programas ****
make all 
make: Nothing to be done for 'all'.
20:41:45 **** Incremental Build of configuration Debug for project Exercicios_programas ****
make all 
make: Nothing to be done for 'all'.
20:46:34 **** Incremental Build of configuration Debug for project Exercicios_programas ****
make all 
make: Nothing to be done for 'all'.
20:46:38 **** Incremental Build of configuration Debug for project Exercicios_programas ****
make all 
make: Nothing to be done for 'all'.
20:46:42 **** Incremental Build of configuration Debug for project Exercicios_programas ****
make all 
make: Nothing to be done for 'all'.
